\BOOKMARK [-1][]{part.1}{\376\377\000I\000\040\142\275\214\141\116\343\145\160}{}% 1
\BOOKMARK [0][]{chapter*.2}{\376\377\142\275\214\141\116\343\145\160\133\232\116\111\123\312\116\073\211\201\133\232\164\006}{part.1}% 2
\BOOKMARK [0][]{chapter*.3}{\376\377\176\352\213\272}{part.1}% 3
\BOOKMARK [0][]{chapter.1.1}{\376\377\173\054\116\000\172\340\000\040\177\244}{part.1}% 4
\BOOKMARK [1][-]{section.1.1.1}{\376\377\0001\000.\0001\000\040\137\252\163\257\177\244}{chapter.1.1}% 5
\BOOKMARK [1][-]{section.1.1.2}{\376\377\0001\000.\0002\000\040\126\376\137\142\166\204\133\371\171\360\000\050\140\047\000\051\177\244}{chapter.1.1}% 6
\BOOKMARK [1][-]{section.1.1.3}{\376\377\0001\000.\0003\000\040\000n\000\040\121\103\133\371\171\360\177\244}{chapter.1.1}% 7
\BOOKMARK [1][-]{section.1.1.4}{\376\377\0001\000.\0004\000\040\133\120\177\244\000,\000\040\000L\000a\000g\000r\000a\000n\000g\000e\000\040\133\232\164\006}{chapter.1.1}% 8
\BOOKMARK [1][-]{section.1.1.5}{\376\377\0001\000.\0005\000\040\177\244\166\204\166\364\171\357}{chapter.1.1}% 9
\BOOKMARK [1][-]{section.1.1.6}{\376\377\0001\000.\0006\000\040\177\244\166\204\124\014\140\001\000,\000\040\153\143\211\304\133\120\177\244\000,\000\040\125\106\177\244\000,\000\040\177\244\124\014\140\001\127\372\147\054\133\232\164\006}{chapter.1.1}% 10
\BOOKMARK [1][-]{section.1.1.7}{\376\377\0001\000.\0007\000\040\123\357\211\343\177\244\000,\000\040\123\125\177\244\000,\000\040\000J\000o\000r\000d\000a\000n\000-\000H\000o\000l\000d\000e\000r\000\040\133\232\164\006}{chapter.1.1}% 11
\BOOKMARK [1][-]{section.1.1.8}{\376\377\0001\000.\0008\000\040\177\244\127\050\226\306\124\010\116\012\166\204\117\134\165\050\000,\000\040\217\150\220\123\000-\172\063\133\232\133\120\133\232\164\006}{chapter.1.1}% 12
\BOOKMARK [1][-]{section.1.1.9}{\376\377\0001\000.\0009\000\040\000S\000y\000l\000o\000w\000\040\133\232\164\006}{chapter.1.1}% 13
\BOOKMARK [1][-]{myproblem.1.1.9.1}{\376\377\0001\000.\0009\000\040\0002\0000\0002\0005\226\066\177\244}{chapter.1.1}% 14
\BOOKMARK [1][-]{section.1.1.10}{\376\377\0001\000.\0001\0000\000\040\147\011\226\120\000\040\000A\000b\000e\000l\000\040\177\244\124\214\147\011\226\120\165\037\142\020\166\204\000\040\000A\000b\000e\000l\000\040\177\244\166\204\176\323\147\204}{chapter.1.1}% 15
\BOOKMARK [1][-]{section.1.1.11}{\376\377\0001\000.\0001\0001\000\040\201\352\165\061\177\244}{chapter.1.1}% 16
\BOOKMARK [0][]{chapter.1.2}{\376\377\173\054\116\214\172\340\000\040\163\257\166\204\164\006\140\363\000,\000\040\127\337\166\204\147\204\220\040}{part.1}% 17
\BOOKMARK [1][-]{section.1.2.1}{\376\377\0002\000.\0001\000\040\163\257\124\014\140\001\000,\000\040\164\006\140\363\000,\000\040\125\106\163\257}{chapter.1.2}% 18
\BOOKMARK [1][-]{section.1.2.2}{\376\377\0002\000.\0002\000\040\164\006\140\363\166\204\217\320\173\227\000,\000\040\163\257\166\204\166\364\124\214}{chapter.1.2}% 19
\BOOKMARK [1][-]{section.1.2.3}{\376\377\0002\000.\0003\000\040\175\040\164\006\140\363\124\214\147\201\131\047\164\006\140\363}{chapter.1.2}% 20
\BOOKMARK [1][-]{section.1.2.4}{\376\377\0002\000.\0004\000\040\147\011\226\120\127\337\166\204\147\204\220\040\000,\000\040\147\204\220\040\142\151\127\337\166\204\220\024\137\204}{chapter.1.2}% 21
\BOOKMARK [1][-]{section.1.2.5}{\376\377\0002\000.\0005\000\040\122\006\137\017\127\337}{chapter.1.2}% 22
\BOOKMARK [0][]{chapter.1.3}{\376\377\173\054\116\011\172\340\000\040\145\164\163\257\166\204\145\164\226\144\140\047}{part.1}% 23
\BOOKMARK [1][-]{section.1.3.1}{\376\377\0003\000.\0001\000\040\145\164\226\144\121\163\174\373\000,\000\040\116\015\123\357\176\246\121\103\000,\000\040\175\040\121\103\000,\000\040\147\000\131\047\121\154\126\340\133\120}{chapter.1.3}% 24
\BOOKMARK [1][-]{section.1.3.2}{\376\377\0003\000.\0002\000\040\153\047\121\340\221\314\137\227\145\164\163\257\000,\000\040\116\073\164\006\140\363\145\164\163\257\000,\000\040\125\057\116\000\126\340\133\120\122\006\211\343\145\164\163\257}{chapter.1.3}% 25
\BOOKMARK [1][-]{section.1.3.3}{\376\377\0003\000.\0003\000\040\213\372\162\171\163\257}{chapter.1.3}% 26
\BOOKMARK [0][]{chapter.1.4}{\376\377\173\054\126\333\172\340\000\040\127\337\142\151\137\040\000,\000\040\117\075\177\127\164\346\164\006\213\272}{part.1}% 27
\BOOKMARK [1][-]{section.1.4.1}{\376\377\0004\000.\0001\000\040\127\337\142\151\137\040\166\204\140\047\215\050}{chapter.1.4}% 28
\BOOKMARK [0][]{chapter.1.5}{\376\377\173\054\116\224\172\340\000\040\152\041}{part.1}% 29
\BOOKMARK [1][-]{section.1.5.1}{\376\377\0005\000.\0001\000\040\163\257\116\012\166\204\152\041\000,\000\040\133\120\152\041\000,\000\040\125\106\152\041\000,\000\040\152\041\124\014\140\001}{chapter.1.5}% 30
\BOOKMARK [1][-]{section.1.5.2}{\376\377\0005\000.\0002\000\040\201\352\165\061\152\041}{chapter.1.5}% 31
\BOOKMARK [0][]{chapter.1.6}{\376\377\173\054\121\155\172\340\000\040\137\200\136\164\147\037\147\053}{part.1}% 32
\BOOKMARK [1][-]{section.1.6.1}{\376\377\0006\000.\0001\000\040\0002\0000\0002\0000\000\040\176\247\137\072\127\372\145\160\133\146\142\275\214\141\116\343\145\160\147\037\147\053\200\003\213\325\000\050\126\336\137\306\162\110\000,\000\040\137\040\137\072\000\051}{chapter.1.6}% 33
\BOOKMARK [1][-]{section.1.6.2}{\376\377\0006\000.\0002\000\040\0002\0000\0002\0001\000\040\176\247\137\072\127\372\145\160\133\146\142\275\214\141\116\343\145\160\147\037\147\053\200\003\213\325\000\050\126\336\137\306\162\110\000,\000\040\137\040\137\072\000\051}{chapter.1.6}% 34
\BOOKMARK [1][-]{section.1.6.3}{\376\377\0006\000.\0003\000\040\0002\0000\0002\0002\000\040\176\247\145\160\213\325\142\275\214\141\116\343\145\160\147\037\147\053\200\003\213\325\000\050\126\336\137\306\162\110\000,\000\040\137\040\137\072\000\051}{chapter.1.6}% 35
\BOOKMARK [1][-]{section.1.6.4}{\376\377\0006\000.\0004\000\040\0002\0000\0002\0002\000\040\176\247\137\072\127\372\145\160\133\146\142\275\214\141\116\343\145\160\147\037\147\053\200\003\213\325\000\050\227\136\137\040\137\072\000\051}{chapter.1.6}% 36
\BOOKMARK [-1][]{part.2}{\376\377\000I\000I\000\040\145\160\133\146\122\006\147\220}{}% 37
\BOOKMARK [0][]{chapter*.4}{\376\377\145\160\133\146\122\006\147\220\133\232\116\111\123\312\116\073\211\201\133\232\164\006}{part.2}% 38
\BOOKMARK [0][]{chapter*.5}{\376\377\171\357\122\006\210\150}{part.2}% 39
\BOOKMARK [0][]{chapter.2.1}{\376\377\173\054\116\000\172\340\000\040\131\032\121\103\121\375\145\160\147\201\226\120}{part.2}% 40
\BOOKMARK [1][-]{section.2.1.1}{\376\377\0001\000.\0001\000\040\000R\000n\000\040\116\055\166\204\160\271\226\306}{chapter.2.1}% 41
\BOOKMARK [2][-]{subsection.2.1.1.1}{\376\377\0001\000.\0001\000.\0001\000\040\220\273\127\337\060\001\137\000\226\306}{section.2.1.1}% 42
\BOOKMARK [2][-]{subsection.2.1.1.2}{\376\377\0001\000.\0001\000.\0002\000\040\200\132\160\271\060\001\225\355\226\306}{section.2.1.1}% 43
\BOOKMARK [2][-]{subsection.2.1.1.3}{\376\377\0001\000.\0001\000.\0003\000\040\217\336\220\032\226\306}{section.2.1.1}% 44
\BOOKMARK [1][-]{section.2.1.2}{\376\377\0001\000.\0002\000\040\131\032\121\103\121\375\145\160\166\204\147\201\226\120}{chapter.2.1}% 45
\BOOKMARK [1][-]{section.2.1.3}{\376\377\0001\000.\0003\000\040\217\336\176\355\146\040\134\004}{chapter.2.1}% 46
\BOOKMARK [0][]{chapter.2.2}{\376\377\173\054\116\214\172\340\000\040\131\032\121\103\121\375\145\160\166\204\137\256\122\006}{part.2}% 47
\BOOKMARK [1][-]{section.2.2.1}{\376\377\0002\000.\0001\000\040\137\256\122\006\166\204\133\232\116\111}{chapter.2.2}% 48
\BOOKMARK [1][-]{section.2.2.2}{\376\377\0002\000.\0002\000\040\145\271\124\021\133\374\145\160\116\016\120\117\133\374\145\160}{chapter.2.2}% 49
\BOOKMARK [1][-]{section.2.2.3}{\376\377\0002\000.\0003\000\040\147\011\226\120\130\236\221\317\133\232\164\006\116\016\154\360\122\322\121\154\137\017}{chapter.2.2}% 50
\BOOKMARK [1][-]{section.2.2.4}{\376\377\0002\000.\0004\000\040\123\315\121\375\145\160\133\232\164\006}{chapter.2.2}% 51
\BOOKMARK [1][-]{section.2.2.5}{\376\377\0002\000.\0005\000\040\226\220\121\375\145\160\133\232\164\006}{chapter.2.2}% 52
\BOOKMARK [0][]{chapter.2.3}{\376\377\173\054\116\011\172\340\000\040\124\053\123\302\123\330\221\317\166\204\171\357\122\006\116\016\123\315\136\070\171\357\122\006}{part.2}% 53
\BOOKMARK [0][]{chapter*.6}{\376\377\116\023\230\230\116\000\000\040\153\047\142\311\171\357\122\006}{part.2}% 54
\BOOKMARK [1][-]{section.2.3.1}{\376\377\0003\000.\0001\000\040\173\054\116\000\127\213\153\047\142\311\171\357\122\006}{chapter*.6}% 55
\BOOKMARK [1][-]{section.2.3.2}{\376\377\0003\000.\0002\000\040\173\054\116\214\127\213\153\047\142\311\171\357\122\006}{chapter*.6}% 56
\BOOKMARK [2][-]{subsection.2.3.2.1}{\376\377\0003\000.\0002\000.\0001\000\040\133\232\116\111}{section.2.3.2}% 57
\BOOKMARK [2][-]{subsection.2.3.2.2}{\376\377\0003\000.\0002\000.\0002\000\040\140\047\215\050}{section.2.3.2}% 58
\BOOKMARK [2][-]{subsection.2.3.2.3}{\376\377\0003\000.\0002\000.\0003\000\040\136\224\165\050}{section.2.3.2}% 59
\BOOKMARK [0][]{chapter.2.4}{\376\377\173\054\126\333\172\340\000\040\221\315\171\357\122\006}{part.2}% 60
\BOOKMARK [1][-]{section.2.4.1}{\376\377\0004\000.\0001\000\040\202\345\134\024\137\123\155\113\136\246}{chapter.2.4}% 61
\BOOKMARK [2][-]{subsection.2.4.1.1}{\376\377\0004\000.\0001\000.\0001\000\040\173\200\123\125\226\306\124\010\166\204\155\113\136\246}{section.2.4.1}% 62
\BOOKMARK [1][-]{section.2.4.2}{\376\377\0004\000.\0002\000\040\225\355\167\351\137\142\116\012\166\204\171\357\122\006}{chapter.2.4}% 63
\BOOKMARK [1][-]{section.2.4.3}{\376\377\0004\000.\0003\000\040\147\011\165\114\226\306\116\012\166\204\171\357\122\006}{chapter.2.4}% 64
\BOOKMARK [1][-]{section.2.4.4}{\376\377\0004\000.\0004\000\040\133\314\153\324\134\074\133\232\164\006}{chapter.2.4}% 65
\BOOKMARK [1][-]{section.2.4.5}{\376\377\0004\000.\0005\000\040\123\330\221\317\146\377\143\142}{chapter.2.4}% 66
\BOOKMARK [1][-]{section.2.4.6}{\376\377\0004\000.\0006\000\040\123\315\136\070\221\315\171\357\122\006}{chapter.2.4}% 67
\BOOKMARK [0][]{chapter*.7}{\376\377\116\023\230\230\116\214\000\040\123\314\146\362\121\340\117\125\116\013\166\204\227\142\171\357}{part.2}% 68
\BOOKMARK [0][]{chapter.2.5}{\376\377\173\054\116\224\172\340\000\040\146\362\176\277\171\357\122\006}{part.2}% 69
\BOOKMARK [1][-]{section.2.5.1}{\376\377\0005\000.\0001\000\040\146\362\176\277\166\204\137\047\225\177}{chapter.2.5}% 70
\BOOKMARK [1][-]{section.2.5.2}{\376\377\0005\000.\0002\000\040\173\054\116\000\127\213\146\362\176\277\171\357\122\006}{chapter.2.5}% 71
\BOOKMARK [1][-]{section.2.5.3}{\376\377\0005\000.\0003\000\040\173\054\116\214\127\213\146\362\176\277\171\357\122\006}{chapter.2.5}% 72
\BOOKMARK [1][-]{section.2.5.4}{\376\377\0005\000.\0004\000\040\150\074\147\227\121\154\137\017}{chapter.2.5}% 73
\BOOKMARK [1][-]{section.2.5.5}{\376\377\0005\000.\0005\000\040\136\224\165\050\000:\000\040\214\003\124\214\121\375\145\160}{chapter.2.5}% 74
\BOOKMARK [0][]{chapter.2.6}{\376\377\173\054\121\155\172\340\000\040\146\362\227\142\171\357\122\006}{part.2}% 75
\BOOKMARK [1][-]{section.2.6.1}{\376\377\0006\000.\0001\000\040\146\362\227\142\166\204\227\142\171\357}{chapter.2.6}% 76
\BOOKMARK [1][-]{section.2.6.2}{\376\377\0006\000.\0002\000\040\173\054\116\000\127\213\146\362\227\142\171\357\122\006}{chapter.2.6}% 77
\BOOKMARK [1][-]{section.2.6.3}{\376\377\0006\000.\0003\000\040\146\362\227\142\166\204\117\247\116\016\133\232\124\021}{chapter.2.6}% 78
\BOOKMARK [1][-]{section.2.6.4}{\376\377\0006\000.\0004\000\040\173\054\116\214\127\213\146\362\227\142\171\357\122\006}{chapter.2.6}% 79
\BOOKMARK [1][-]{section.2.6.5}{\376\377\0006\000.\0005\000\040\232\330\145\257\121\154\137\017}{chapter.2.6}% 80
\BOOKMARK [1][-]{section.2.6.6}{\376\377\0006\000.\0006\000\040\145\257\142\130\121\113\145\257\121\154\137\017}{chapter.2.6}% 81
\BOOKMARK [0][]{chapter.2.7}{\376\377\173\054\116\003\172\340\000\040\000F\000o\000u\000r\000i\000e\000r\000\040\122\006\147\220\122\035\153\145}{part.2}% 82
\BOOKMARK [1][-]{section.2.7.1}{\376\377\0007\000.\0001\000\040\000F\000o\000u\000r\000i\000e\000r\000\040\176\247\145\160\133\232\116\111}{chapter.2.7}% 83
\BOOKMARK [1][-]{section.2.7.2}{\376\377\0007\000.\0002\000\040\134\100\220\350\123\026\123\237\164\006}{chapter.2.7}% 84
\BOOKMARK [1][-]{section.2.7.3}{\376\377\0007\000.\0003\000\040\215\071\200\066\134\024\133\232\164\006}{chapter.2.7}% 85
\BOOKMARK [1][-]{section.2.7.4}{\376\377\0007\000.\0004\000\040\127\107\120\074\133\232\164\006}{chapter.2.7}% 86
\BOOKMARK [0][]{mytheorem.2.7.4.7}{\376\377\123\302\200\003\145\207\163\056}{part.2}% 87
\BOOKMARK [0][]{appendix*.9}{\376\377\201\364\214\042}{part.2}% 88
